{
    "/workspaces/tsc-rpg-practice/src/behavior-tree/node.ts": {
        "path": "/workspaces/tsc-rpg-practice/src/behavior-tree/node.ts",
        "statementMap": {
            "0": {
                "start": {
                    "line": 1,
                    "column": 0
                },
                "end": {
                    "line": 1,
                    "column": null
                }
            },
            "1": {
                "start": {
                    "line": 2,
                    "column": 4
                },
                "end": {
                    "line": 2,
                    "column": null
                }
            },
            "2": {
                "start": {
                    "line": 3,
                    "column": 4
                },
                "end": {
                    "line": 3,
                    "column": null
                }
            },
            "3": {
                "start": {
                    "line": 4,
                    "column": 4
                },
                "end": {
                    "line": 4,
                    "column": null
                }
            },
            "4": {
                "start": {
                    "line": 5,
                    "column": 4
                },
                "end": {
                    "line": 5,
                    "column": null
                }
            },
            "5": {
                "start": {
                    "line": 9,
                    "column": 32
                },
                "end": {
                    "line": 9,
                    "column": 48
                }
            },
            "6": {
                "start": {
                    "line": 18,
                    "column": 8
                },
                "end": {
                    "line": 18,
                    "column": 16
                }
            },
            "7": {
                "start": {
                    "line": 19,
                    "column": 8
                },
                "end": {
                    "line": 19,
                    "column": 33
                }
            },
            "8": {
                "start": {
                    "line": 23,
                    "column": 8
                },
                "end": {
                    "line": 32,
                    "column": null
                }
            },
            "9": {
                "start": {
                    "line": 24,
                    "column": 27
                },
                "end": {
                    "line": 24,
                    "column": 42
                }
            },
            "10": {
                "start": {
                    "line": 25,
                    "column": 12
                },
                "end": {
                    "line": 31,
                    "column": null
                }
            },
            "11": {
                "start": {
                    "line": 26,
                    "column": 16
                },
                "end": {
                    "line": 26,
                    "column": 49
                }
            },
            "12": {
                "start": {
                    "line": 27,
                    "column": 16
                },
                "end": {
                    "line": 27,
                    "column": 42
                }
            },
            "13": {
                "start": {
                    "line": 28,
                    "column": 19
                },
                "end": {
                    "line": 31,
                    "column": null
                }
            },
            "14": {
                "start": {
                    "line": 29,
                    "column": 16
                },
                "end": {
                    "line": 29,
                    "column": 49
                }
            },
            "15": {
                "start": {
                    "line": 30,
                    "column": 16
                },
                "end": {
                    "line": 30,
                    "column": 42
                }
            },
            "16": {
                "start": {
                    "line": 34,
                    "column": 8
                },
                "end": {
                    "line": 34,
                    "column": 41
                }
            },
            "17": {
                "start": {
                    "line": 35,
                    "column": 8
                },
                "end": {
                    "line": 35,
                    "column": 34
                }
            },
            "18": {
                "start": {
                    "line": 14,
                    "column": 0
                },
                "end": {
                    "line": 14,
                    "column": 13
                }
            },
            "19": {
                "start": {
                    "line": 43,
                    "column": 8
                },
                "end": {
                    "line": 43,
                    "column": 16
                }
            },
            "20": {
                "start": {
                    "line": 44,
                    "column": 8
                },
                "end": {
                    "line": 44,
                    "column": 33
                }
            },
            "21": {
                "start": {
                    "line": 48,
                    "column": 8
                },
                "end": {
                    "line": 57,
                    "column": null
                }
            },
            "22": {
                "start": {
                    "line": 49,
                    "column": 27
                },
                "end": {
                    "line": 49,
                    "column": 42
                }
            },
            "23": {
                "start": {
                    "line": 50,
                    "column": 12
                },
                "end": {
                    "line": 56,
                    "column": null
                }
            },
            "24": {
                "start": {
                    "line": 51,
                    "column": 16
                },
                "end": {
                    "line": 51,
                    "column": 49
                }
            },
            "25": {
                "start": {
                    "line": 52,
                    "column": 16
                },
                "end": {
                    "line": 52,
                    "column": 42
                }
            },
            "26": {
                "start": {
                    "line": 53,
                    "column": 19
                },
                "end": {
                    "line": 56,
                    "column": null
                }
            },
            "27": {
                "start": {
                    "line": 54,
                    "column": 16
                },
                "end": {
                    "line": 54,
                    "column": 49
                }
            },
            "28": {
                "start": {
                    "line": 55,
                    "column": 16
                },
                "end": {
                    "line": 55,
                    "column": 42
                }
            },
            "29": {
                "start": {
                    "line": 59,
                    "column": 8
                },
                "end": {
                    "line": 59,
                    "column": 41
                }
            },
            "30": {
                "start": {
                    "line": 60,
                    "column": 8
                },
                "end": {
                    "line": 60,
                    "column": 34
                }
            },
            "31": {
                "start": {
                    "line": 39,
                    "column": 0
                },
                "end": {
                    "line": 39,
                    "column": 13
                }
            },
            "32": {
                "start": {
                    "line": 68,
                    "column": 8
                },
                "end": {
                    "line": 68,
                    "column": 16
                }
            },
            "33": {
                "start": {
                    "line": 69,
                    "column": 8
                },
                "end": {
                    "line": 69,
                    "column": 29
                }
            },
            "34": {
                "start": {
                    "line": 73,
                    "column": 8
                },
                "end": {
                    "line": 73,
                    "column": 36
                }
            },
            "35": {
                "start": {
                    "line": 74,
                    "column": 8
                },
                "end": {
                    "line": 74,
                    "column": 27
                }
            },
            "36": {
                "start": {
                    "line": 64,
                    "column": 0
                },
                "end": {
                    "line": 64,
                    "column": 13
                }
            }
        },
        "fnMap": {
            "0": {
                "name": "(anonymous_0)",
                "decl": {
                    "start": {
                        "line": 1,
                        "column": 0
                    },
                    "end": {
                        "line": 1,
                        "column": 12
                    }
                },
                "loc": {
                    "start": {
                        "line": 1,
                        "column": 22
                    },
                    "end": {
                        "line": 6,
                        "column": 1
                    }
                }
            },
            "1": {
                "name": "(anonymous_1)",
                "decl": {
                    "start": {
                        "line": 17,
                        "column": 4
                    },
                    "end": {
                        "line": 17,
                        "column": 16
                    }
                },
                "loc": {
                    "start": {
                        "line": 17,
                        "column": 40
                    },
                    "end": {
                        "line": 20,
                        "column": 5
                    }
                }
            },
            "2": {
                "name": "(anonymous_2)",
                "decl": {
                    "start": {
                        "line": 22,
                        "column": 11
                    },
                    "end": {
                        "line": 22,
                        "column": 18
                    }
                },
                "loc": {
                    "start": {
                        "line": 22,
                        "column": 18
                    },
                    "end": {
                        "line": 36,
                        "column": 5
                    }
                }
            },
            "3": {
                "name": "(anonymous_3)",
                "decl": {
                    "start": {
                        "line": 42,
                        "column": 4
                    },
                    "end": {
                        "line": 42,
                        "column": 16
                    }
                },
                "loc": {
                    "start": {
                        "line": 42,
                        "column": 40
                    },
                    "end": {
                        "line": 45,
                        "column": 5
                    }
                }
            },
            "4": {
                "name": "(anonymous_4)",
                "decl": {
                    "start": {
                        "line": 47,
                        "column": 11
                    },
                    "end": {
                        "line": 47,
                        "column": 18
                    }
                },
                "loc": {
                    "start": {
                        "line": 47,
                        "column": 18
                    },
                    "end": {
                        "line": 61,
                        "column": 5
                    }
                }
            },
            "5": {
                "name": "(anonymous_5)",
                "decl": {
                    "start": {
                        "line": 67,
                        "column": 4
                    },
                    "end": {
                        "line": 67,
                        "column": 16
                    }
                },
                "loc": {
                    "start": {
                        "line": 67,
                        "column": 40
                    },
                    "end": {
                        "line": 70,
                        "column": 5
                    }
                }
            },
            "6": {
                "name": "(anonymous_6)",
                "decl": {
                    "start": {
                        "line": 72,
                        "column": 11
                    },
                    "end": {
                        "line": 72,
                        "column": 18
                    }
                },
                "loc": {
                    "start": {
                        "line": 72,
                        "column": 18
                    },
                    "end": {
                        "line": 75,
                        "column": 5
                    }
                }
            }
        },
        "branchMap": {
            "0": {
                "loc": {
                    "start": {
                        "line": 1,
                        "column": 12
                    },
                    "end": {
                        "line": 1,
                        "column": null
                    }
                },
                "type": "binary-expr",
                "locations": [
                    {
                        "start": {
                            "line": 1,
                            "column": 12
                        },
                        "end": {
                            "line": 1,
                            "column": 22
                        }
                    },
                    {
                        "start": {
                            "line": 1,
                            "column": 12
                        },
                        "end": {
                            "line": 1,
                            "column": null
                        }
                    }
                ]
            },
            "1": {
                "loc": {
                    "start": {
                        "line": 25,
                        "column": 12
                    },
                    "end": {
                        "line": 31,
                        "column": null
                    }
                },
                "type": "if",
                "locations": [
                    {
                        "start": {
                            "line": 25,
                            "column": 12
                        },
                        "end": {
                            "line": 31,
                            "column": null
                        }
                    },
                    {
                        "start": {
                            "line": 28,
                            "column": 19
                        },
                        "end": {
                            "line": 31,
                            "column": null
                        }
                    }
                ]
            },
            "2": {
                "loc": {
                    "start": {
                        "line": 28,
                        "column": 19
                    },
                    "end": {
                        "line": 31,
                        "column": null
                    }
                },
                "type": "if",
                "locations": [
                    {
                        "start": {
                            "line": 28,
                            "column": 19
                        },
                        "end": {
                            "line": 31,
                            "column": null
                        }
                    }
                ]
            },
            "3": {
                "loc": {
                    "start": {
                        "line": 50,
                        "column": 12
                    },
                    "end": {
                        "line": 56,
                        "column": null
                    }
                },
                "type": "if",
                "locations": [
                    {
                        "start": {
                            "line": 50,
                            "column": 12
                        },
                        "end": {
                            "line": 56,
                            "column": null
                        }
                    },
                    {
                        "start": {
                            "line": 53,
                            "column": 19
                        },
                        "end": {
                            "line": 56,
                            "column": null
                        }
                    }
                ]
            },
            "4": {
                "loc": {
                    "start": {
                        "line": 53,
                        "column": 19
                    },
                    "end": {
                        "line": 56,
                        "column": null
                    }
                },
                "type": "if",
                "locations": [
                    {
                        "start": {
                            "line": 53,
                            "column": 19
                        },
                        "end": {
                            "line": 56,
                            "column": null
                        }
                    }
                ]
            }
        },
        "s": {
            "0": 1,
            "1": 1,
            "2": 1,
            "3": 1,
            "4": 1,
            "5": 8,
            "6": 1,
            "7": 1,
            "8": 1,
            "9": 1,
            "10": 1,
            "11": 1,
            "12": 1,
            "13": 0,
            "14": 0,
            "15": 0,
            "16": 0,
            "17": 0,
            "18": 1,
            "19": 2,
            "20": 2,
            "21": 1,
            "22": 3,
            "23": 3,
            "24": 0,
            "25": 0,
            "26": 3,
            "27": 0,
            "28": 0,
            "29": 1,
            "30": 1,
            "31": 1,
            "32": 5,
            "33": 5,
            "34": 3,
            "35": 3,
            "36": 1
        },
        "f": {
            "0": 1,
            "1": 1,
            "2": 1,
            "3": 2,
            "4": 1,
            "5": 5,
            "6": 3
        },
        "b": {
            "0": [
                1,
                1
            ],
            "1": [
                1,
                0
            ],
            "2": [
                0
            ],
            "3": [
                0,
                3
            ],
            "4": [
                0
            ]
        }
    },
    "/workspaces/tsc-rpg-practice/src/role/role.ts": {
        "path": "/workspaces/tsc-rpg-practice/src/role/role.ts",
        "statementMap": {
            "0": {
                "start": {
                    "line": 1,
                    "column": 0
                },
                "end": {
                    "line": 1,
                    "column": null
                }
            },
            "1": {
                "start": {
                    "line": 2,
                    "column": 4
                },
                "end": {
                    "line": 2,
                    "column": null
                }
            },
            "2": {
                "start": {
                    "line": 3,
                    "column": 4
                },
                "end": {
                    "line": 3,
                    "column": null
                }
            },
            "3": {
                "start": {
                    "line": 4,
                    "column": 4
                },
                "end": {
                    "line": 4,
                    "column": null
                }
            },
            "4": {
                "start": {
                    "line": 5,
                    "column": 4
                },
                "end": {
                    "line": 5,
                    "column": null
                }
            },
            "5": {
                "start": {
                    "line": 6,
                    "column": 4
                },
                "end": {
                    "line": 6,
                    "column": null
                }
            },
            "6": {
                "start": {
                    "line": 7,
                    "column": 4
                },
                "end": {
                    "line": 7,
                    "column": null
                }
            },
            "7": {
                "start": {
                    "line": 8,
                    "column": 4
                },
                "end": {
                    "line": 8,
                    "column": null
                }
            },
            "8": {
                "start": {
                    "line": 11,
                    "column": 73
                },
                "end": {
                    "line": 33,
                    "column": 2
                }
            },
            "9": {
                "start": {
                    "line": 42,
                    "column": 32
                },
                "end": {
                    "line": 42,
                    "column": 42
                }
            },
            "10": {
                "start": {
                    "line": 43,
                    "column": 8
                },
                "end": {
                    "line": 43,
                    "column": 64
                }
            },
            "11": {
                "start": {
                    "line": 44,
                    "column": 8
                },
                "end": {
                    "line": 44,
                    "column": 56
                }
            },
            "12": {
                "start": {
                    "line": 53,
                    "column": 8
                },
                "end": {
                    "line": 53,
                    "column": 46
                }
            },
            "13": {
                "start": {
                    "line": 39,
                    "column": 0
                },
                "end": {
                    "line": 39,
                    "column": 13
                }
            }
        },
        "fnMap": {
            "0": {
                "name": "(anonymous_0)",
                "decl": {
                    "start": {
                        "line": 1,
                        "column": 0
                    },
                    "end": {
                        "line": 1,
                        "column": 12
                    }
                },
                "loc": {
                    "start": {
                        "line": 1,
                        "column": 16
                    },
                    "end": {
                        "line": 9,
                        "column": 1
                    }
                }
            },
            "1": {
                "name": "(anonymous_1)",
                "decl": {
                    "start": {
                        "line": 42,
                        "column": 4
                    },
                    "end": {
                        "line": 42,
                        "column": 32
                    }
                },
                "loc": {
                    "start": {
                        "line": 42,
                        "column": 42
                    },
                    "end": {
                        "line": 45,
                        "column": 5
                    }
                }
            },
            "2": {
                "name": "(anonymous_2)",
                "decl": {
                    "start": {
                        "line": 52,
                        "column": 4
                    },
                    "end": {
                        "line": 52,
                        "column": 9
                    }
                },
                "loc": {
                    "start": {
                        "line": 52,
                        "column": 21
                    },
                    "end": {
                        "line": 54,
                        "column": 5
                    }
                }
            }
        },
        "branchMap": {
            "0": {
                "loc": {
                    "start": {
                        "line": 1,
                        "column": 12
                    },
                    "end": {
                        "line": 1,
                        "column": null
                    }
                },
                "type": "binary-expr",
                "locations": [
                    {
                        "start": {
                            "line": 1,
                            "column": 12
                        },
                        "end": {
                            "line": 1,
                            "column": 16
                        }
                    },
                    {
                        "start": {
                            "line": 1,
                            "column": 12
                        },
                        "end": {
                            "line": 1,
                            "column": null
                        }
                    }
                ]
            },
            "1": {
                "loc": {
                    "start": {
                        "line": 43,
                        "column": 26
                    },
                    "end": {
                        "line": 43,
                        "column": 63
                    }
                },
                "type": "binary-expr",
                "locations": [
                    {
                        "start": {
                            "line": 43,
                            "column": 26
                        },
                        "end": {
                            "line": 43,
                            "column": 57
                        }
                    },
                    {
                        "start": {
                            "line": 43,
                            "column": 61
                        },
                        "end": {
                            "line": 43,
                            "column": 63
                        }
                    }
                ]
            },
            "2": {
                "loc": {
                    "start": {
                        "line": 44,
                        "column": 22
                    },
                    "end": {
                        "line": 44,
                        "column": 55
                    }
                },
                "type": "binary-expr",
                "locations": [
                    {
                        "start": {
                            "line": 44,
                            "column": 22
                        },
                        "end": {
                            "line": 44,
                            "column": 49
                        }
                    },
                    {
                        "start": {
                            "line": 44,
                            "column": 53
                        },
                        "end": {
                            "line": 44,
                            "column": 55
                        }
                    }
                ]
            }
        },
        "s": {
            "0": 1,
            "1": 1,
            "2": 1,
            "3": 1,
            "4": 1,
            "5": 1,
            "6": 1,
            "7": 1,
            "8": 1,
            "9": 1,
            "10": 1,
            "11": 1,
            "12": 1,
            "13": 1
        },
        "f": {
            "0": 1,
            "1": 1,
            "2": 1
        },
        "b": {
            "0": [
                1,
                1
            ],
            "1": [
                1,
                0
            ],
            "2": [
                1,
                0
            ]
        }
    }
}
