{
    "/workspaces/tsc-rpg-practice/src/role/role.ts": {
        "path": "/workspaces/tsc-rpg-practice/src/role/role.ts",
        "statementMap": {
            "0": {
                "start": {
                    "line": 1,
                    "column": 0
                },
                "end": {
                    "line": 1,
                    "column": null
                }
            },
            "1": {
                "start": {
                    "line": 2,
                    "column": 4
                },
                "end": {
                    "line": 2,
                    "column": null
                }
            },
            "2": {
                "start": {
                    "line": 3,
                    "column": 4
                },
                "end": {
                    "line": 3,
                    "column": null
                }
            },
            "3": {
                "start": {
                    "line": 4,
                    "column": 4
                },
                "end": {
                    "line": 4,
                    "column": null
                }
            },
            "4": {
                "start": {
                    "line": 5,
                    "column": 4
                },
                "end": {
                    "line": 5,
                    "column": null
                }
            },
            "5": {
                "start": {
                    "line": 6,
                    "column": 4
                },
                "end": {
                    "line": 6,
                    "column": null
                }
            },
            "6": {
                "start": {
                    "line": 7,
                    "column": 4
                },
                "end": {
                    "line": 7,
                    "column": null
                }
            },
            "7": {
                "start": {
                    "line": 8,
                    "column": 4
                },
                "end": {
                    "line": 8,
                    "column": null
                }
            },
            "8": {
                "start": {
                    "line": 11,
                    "column": 73
                },
                "end": {
                    "line": 33,
                    "column": 2
                }
            },
            "9": {
                "start": {
                    "line": 42,
                    "column": 32
                },
                "end": {
                    "line": 42,
                    "column": 42
                }
            },
            "10": {
                "start": {
                    "line": 43,
                    "column": 8
                },
                "end": {
                    "line": 43,
                    "column": 64
                }
            },
            "11": {
                "start": {
                    "line": 44,
                    "column": 8
                },
                "end": {
                    "line": 44,
                    "column": 56
                }
            },
            "12": {
                "start": {
                    "line": 53,
                    "column": 8
                },
                "end": {
                    "line": 53,
                    "column": 46
                }
            },
            "13": {
                "start": {
                    "line": 39,
                    "column": 0
                },
                "end": {
                    "line": 39,
                    "column": 13
                }
            }
        },
        "fnMap": {
            "0": {
                "name": "(anonymous_0)",
                "decl": {
                    "start": {
                        "line": 1,
                        "column": 0
                    },
                    "end": {
                        "line": 1,
                        "column": 12
                    }
                },
                "loc": {
                    "start": {
                        "line": 1,
                        "column": 16
                    },
                    "end": {
                        "line": 9,
                        "column": 1
                    }
                }
            },
            "1": {
                "name": "(anonymous_1)",
                "decl": {
                    "start": {
                        "line": 42,
                        "column": 4
                    },
                    "end": {
                        "line": 42,
                        "column": 32
                    }
                },
                "loc": {
                    "start": {
                        "line": 42,
                        "column": 42
                    },
                    "end": {
                        "line": 45,
                        "column": 5
                    }
                }
            },
            "2": {
                "name": "(anonymous_2)",
                "decl": {
                    "start": {
                        "line": 52,
                        "column": 4
                    },
                    "end": {
                        "line": 52,
                        "column": 9
                    }
                },
                "loc": {
                    "start": {
                        "line": 52,
                        "column": 21
                    },
                    "end": {
                        "line": 54,
                        "column": 5
                    }
                }
            }
        },
        "branchMap": {
            "0": {
                "loc": {
                    "start": {
                        "line": 1,
                        "column": 12
                    },
                    "end": {
                        "line": 1,
                        "column": null
                    }
                },
                "type": "binary-expr",
                "locations": [
                    {
                        "start": {
                            "line": 1,
                            "column": 12
                        },
                        "end": {
                            "line": 1,
                            "column": 16
                        }
                    },
                    {
                        "start": {
                            "line": 1,
                            "column": 12
                        },
                        "end": {
                            "line": 1,
                            "column": null
                        }
                    }
                ]
            },
            "1": {
                "loc": {
                    "start": {
                        "line": 43,
                        "column": 26
                    },
                    "end": {
                        "line": 43,
                        "column": 63
                    }
                },
                "type": "binary-expr",
                "locations": [
                    {
                        "start": {
                            "line": 43,
                            "column": 26
                        },
                        "end": {
                            "line": 43,
                            "column": 57
                        }
                    },
                    {
                        "start": {
                            "line": 43,
                            "column": 61
                        },
                        "end": {
                            "line": 43,
                            "column": 63
                        }
                    }
                ]
            },
            "2": {
                "loc": {
                    "start": {
                        "line": 44,
                        "column": 22
                    },
                    "end": {
                        "line": 44,
                        "column": 55
                    }
                },
                "type": "binary-expr",
                "locations": [
                    {
                        "start": {
                            "line": 44,
                            "column": 22
                        },
                        "end": {
                            "line": 44,
                            "column": 49
                        }
                    },
                    {
                        "start": {
                            "line": 44,
                            "column": 53
                        },
                        "end": {
                            "line": 44,
                            "column": 55
                        }
                    }
                ]
            }
        },
        "s": {
            "0": 1,
            "1": 1,
            "2": 1,
            "3": 1,
            "4": 1,
            "5": 1,
            "6": 1,
            "7": 1,
            "8": 1,
            "9": 1,
            "10": 1,
            "11": 1,
            "12": 1,
            "13": 1
        },
        "f": {
            "0": 1,
            "1": 1,
            "2": 1
        },
        "b": {
            "0": [
                1,
                1
            ],
            "1": [
                1,
                0
            ],
            "2": [
                1,
                0
            ]
        }
    }
}
