TN:
SF:src/behavior-tree/node.ts
FN:1,(anonymous_0)
FN:17,(anonymous_1)
FN:22,(anonymous_2)
FN:42,(anonymous_3)
FN:47,(anonymous_4)
FN:67,(anonymous_5)
FN:72,(anonymous_6)
FNF:7
FNH:7
FNDA:1,(anonymous_0)
FNDA:1,(anonymous_1)
FNDA:1,(anonymous_2)
FNDA:2,(anonymous_3)
FNDA:1,(anonymous_4)
FNDA:5,(anonymous_5)
FNDA:3,(anonymous_6)
DA:1,1
DA:2,1
DA:3,1
DA:4,1
DA:5,1
DA:9,8
DA:14,1
DA:18,1
DA:19,1
DA:23,1
DA:24,1
DA:25,1
DA:26,1
DA:27,1
DA:28,0
DA:29,0
DA:30,0
DA:34,0
DA:35,0
DA:39,1
DA:43,2
DA:44,2
DA:48,1
DA:49,3
DA:50,3
DA:51,0
DA:52,0
DA:53,3
DA:54,0
DA:55,0
DA:59,1
DA:60,1
DA:64,1
DA:68,5
DA:69,5
DA:73,3
DA:74,3
LF:37
LH:28
BRDA:1,0,0,1
BRDA:1,0,1,1
BRDA:25,1,0,1
BRDA:25,1,1,0
BRDA:28,2,0,0
BRDA:50,3,0,0
BRDA:50,3,1,3
BRDA:53,4,0,0
BRF:8
BRH:4
end_of_record
TN:
SF:src/role/role.ts
FN:1,(anonymous_0)
FN:42,(anonymous_1)
FN:52,(anonymous_2)
FNF:3
FNH:3
FNDA:1,(anonymous_0)
FNDA:1,(anonymous_1)
FNDA:1,(anonymous_2)
DA:1,1
DA:2,1
DA:3,1
DA:4,1
DA:5,1
DA:6,1
DA:7,1
DA:8,1
DA:11,1
DA:39,1
DA:42,1
DA:43,1
DA:44,1
DA:53,1
LF:14
LH:14
BRDA:1,0,0,1
BRDA:1,0,1,1
BRDA:43,1,0,1
BRDA:43,1,1,0
BRDA:44,2,0,1
BRDA:44,2,1,0
BRF:6
BRH:4
end_of_record
